Copyright 1986-2017 Xilinx, Inc. All Rights Reserved.
----------------------------------------------------------------------------------------------------------------------------------
| Tool Version     : Vivado v.2017.2 (win64) Build 1909853 Thu Jun 15 18:39:09 MDT 2017
| Date             : Thu Nov  7 10:25:26 2019
| Host             : DESKTOP-BJL2K5I running 64-bit major release  (build 9200)
| Command          : report_power -file Demo_power_routed.rpt -pb Demo_power_summary_routed.pb -rpx Demo_power_routed.rpx
| Design           : Demo
| Device           : xc7a35tcpg236-1
| Design State     : routed
| Grade            : commercial
| Process          : typical
| Characterization : Production
----------------------------------------------------------------------------------------------------------------------------------

Power Report

Table of Contents
-----------------
1. Summary
1.1 On-Chip Components
1.2 Power Supply Summary
1.3 Confidence Level
2. Settings
2.1 Environment
2.2 Clock Constraints
3. Detailed Reports
3.1 By Hierarchy

1. Summary
----------

+--------------------------+----------------------------------+
| Total On-Chip Power (W)  | 43.284 (Junction temp exceeded!) |
| Dynamic (W)              | 42.798                           |
| Device Static (W)        | 0.486                            |
| Effective TJA (C/W)      | 5.0                              |
| Max Ambient (C)          | 0.0                              |
| Junction Temperature (C) | 125.0                            |
| Confidence Level         | Low                              |
| Setting File             | ---                              |
| Simulation Activity File | ---                              |
| Design Nets Matched      | NA                               |
+--------------------------+----------------------------------+


1.1 On-Chip Components
----------------------

+--------------------------+-----------+----------+-----------+-----------------+
| On-Chip                  | Power (W) | Used     | Available | Utilization (%) |
+--------------------------+-----------+----------+-----------+-----------------+
| Slice Logic              |     7.377 |     1320 |       --- |             --- |
|   LUT as Logic           |     6.335 |      744 |     20800 |            3.58 |
|   LUT as Distributed RAM |     0.661 |       92 |      9600 |            0.96 |
|   Register               |     0.200 |      323 |     41600 |            0.78 |
|   CARRY4                 |     0.170 |       35 |      8150 |            0.43 |
|   BUFG                   |     0.012 |        2 |        32 |            6.25 |
|   Others                 |     0.000 |       21 |       --- |             --- |
| Signals                  |     8.349 |     1134 |       --- |             --- |
| I/O                      |    27.073 |       19 |       106 |           17.92 |
| Static Power             |     0.486 |          |           |                 |
| Total                    |    43.284 |          |           |                 |
+--------------------------+-----------+----------+-----------+-----------------+


1.2 Power Supply Summary
------------------------

+-----------+-------------+-----------+-------------+------------+
| Source    | Voltage (V) | Total (A) | Dynamic (A) | Static (A) |
+-----------+-------------+-----------+-------------+------------+
| Vccint    |       1.000 |    16.098 |      15.758 |      0.341 |
| Vccaux    |       1.800 |     1.044 |       0.991 |      0.053 |
| Vcco33    |       3.300 |     7.655 |       7.654 |      0.001 |
| Vcco25    |       2.500 |     0.000 |       0.000 |      0.000 |
| Vcco18    |       1.800 |     0.000 |       0.000 |      0.000 |
| Vcco15    |       1.500 |     0.000 |       0.000 |      0.000 |
| Vcco135   |       1.350 |     0.000 |       0.000 |      0.000 |
| Vcco12    |       1.200 |     0.000 |       0.000 |      0.000 |
| Vccaux_io |       1.800 |     0.000 |       0.000 |      0.000 |
| Vccbram   |       1.000 |     0.010 |       0.000 |      0.010 |
| MGTAVcc   |       1.000 |     0.000 |       0.000 |      0.000 |
| MGTAVtt   |       1.200 |     0.000 |       0.000 |      0.000 |
| Vccadc    |       1.800 |     0.020 |       0.000 |      0.020 |
+-----------+-------------+-----------+-------------+------------+


1.3 Confidence Level
--------------------

+-----------------------------+------------+--------------------------------------------------------+--------------------------------------------------------------------------------------------------------------------+
| User Input Data             | Confidence | Details                                                | Action                                                                                                             |
+-----------------------------+------------+--------------------------------------------------------+--------------------------------------------------------------------------------------------------------------------+
| Design implementation state | High       | Design is routed                                       |                                                                                                                    |
| Clock nodes activity        | Low        | User specified less than 75% of clocks                 | Provide missing clock activity with a constraint file, simulation results or by editing the "By Clock Domain" view |
| I/O nodes activity          | Low        | More than 75% of inputs are missing user specification | Provide missing input activity with simulation results or by editing the "By Resource Type -> I/Os" view           |
| Internal nodes activity     | Medium     | User specified less than 25% of internal nodes         | Provide missing internal nodes activity with simulation results or by editing the "By Resource Type" views         |
| Device models               | High       | Device models are Production                           |                                                                                                                    |
|                             |            |                                                        |                                                                                                                    |
| Overall confidence level    | Low        |                                                        |                                                                                                                    |
+-----------------------------+------------+--------------------------------------------------------+--------------------------------------------------------------------------------------------------------------------+


2. Settings
-----------

2.1 Environment
---------------

+-----------------------+--------------------------+
| Ambient Temp (C)      | 25.0                     |
| ThetaJA (C/W)         | 5.0                      |
| Airflow (LFM)         | 250                      |
| Heat Sink             | medium (Medium Profile)  |
| ThetaSA (C/W)         | 4.6                      |
| Board Selection       | medium (10"x10")         |
| # of Board Layers     | 12to15 (12 to 15 Layers) |
| Board Temperature (C) | 25.0                     |
+-----------------------+--------------------------+


2.2 Clock Constraints
---------------------

+-------+--------+-----------------+
| Clock | Domain | Constraint (ns) |
+-------+--------+-----------------+


3. Detailed Reports
-------------------

3.1 By Hierarchy
----------------

+------------------------------------+-----------+
| Name                               | Power (W) |
+------------------------------------+-----------+
| Demo                               |    42.798 |
|   clkdiv1k                         |     0.163 |
|   count                            |     0.301 |
|   pipeline                         |    15.139 |
|     e                              |     0.469 |
|       a3                           |     0.469 |
|     em                             |     2.453 |
|     i                              |     1.105 |
|       a                            |     0.066 |
|       eq                           |    <0.001 |
|       r                            |     1.039 |
|         register_reg_r1_0_31_0_5   |     0.077 |
|         register_reg_r1_0_31_12_17 |     0.073 |
|         register_reg_r1_0_31_18_23 |     0.073 |
|         register_reg_r1_0_31_24_29 |     0.074 |
|         register_reg_r1_0_31_30_31 |     0.024 |
|         register_reg_r1_0_31_6_11  |     0.068 |
|         register_reg_r2_0_31_0_5   |     0.078 |
|         register_reg_r2_0_31_12_17 |     0.078 |
|         register_reg_r2_0_31_18_23 |     0.088 |
|         register_reg_r2_0_31_24_29 |     0.075 |
|         register_reg_r2_0_31_30_31 |     0.024 |
|         register_reg_r2_0_31_6_11  |     0.077 |
|         register_reg_r3_0_31_0_5   |     0.083 |
|         register_reg_r3_0_31_12_17 |     0.065 |
|         register_reg_r3_0_31_6_11  |     0.080 |
|     ie                             |     2.734 |
|     iff                            |     0.061 |
|     ii                             |     1.747 |
|     l                              |    <0.001 |
|     m                              |     0.182 |
|       dm                           |     0.182 |
|         DataMemory_reg_0_31_0_0    |     0.005 |
|         DataMemory_reg_0_31_10_10  |     0.008 |
|         DataMemory_reg_0_31_11_11  |     0.004 |
|         DataMemory_reg_0_31_12_12  |     0.006 |
|         DataMemory_reg_0_31_13_13  |     0.008 |
|         DataMemory_reg_0_31_14_14  |     0.004 |
|         DataMemory_reg_0_31_15_15  |     0.004 |
|         DataMemory_reg_0_31_16_16  |     0.005 |
|         DataMemory_reg_0_31_17_17  |     0.005 |
|         DataMemory_reg_0_31_18_18  |     0.005 |
|         DataMemory_reg_0_31_19_19  |     0.004 |
|         DataMemory_reg_0_31_1_1    |     0.006 |
|         DataMemory_reg_0_31_20_20  |     0.006 |
|         DataMemory_reg_0_31_21_21  |     0.003 |
|         DataMemory_reg_0_31_22_22  |     0.007 |
|         DataMemory_reg_0_31_23_23  |     0.006 |
|         DataMemory_reg_0_31_24_24  |     0.004 |
|         DataMemory_reg_0_31_25_25  |     0.008 |
|         DataMemory_reg_0_31_26_26  |     0.006 |
|         DataMemory_reg_0_31_27_27  |     0.008 |
|         DataMemory_reg_0_31_28_28  |     0.004 |
|         DataMemory_reg_0_31_29_29  |     0.004 |
|         DataMemory_reg_0_31_2_2    |     0.005 |
|         DataMemory_reg_0_31_30_30  |     0.006 |
|         DataMemory_reg_0_31_31_31  |     0.008 |
|         DataMemory_reg_0_31_3_3    |     0.008 |
|         DataMemory_reg_0_31_4_4    |     0.006 |
|         DataMemory_reg_0_31_5_5    |     0.008 |
|         DataMemory_reg_0_31_6_6    |     0.005 |
|         DataMemory_reg_0_31_7_7    |     0.005 |
|         DataMemory_reg_0_31_8_8    |     0.006 |
|         DataMemory_reg_0_31_9_9    |     0.006 |
|     mw                             |     4.693 |
|     p                              |     1.694 |
+------------------------------------+-----------+


